<?xml version="1.0" encoding="UTF-8"?>
<!-- Generated by org.testng.reporters.JUnitXMLReporter -->
<testsuite ignored="0" hostname="majd-sunfower1" failures="0" tests="4" name="Default test" time="7.055" errors="0" timestamp="2024-10-23T01:53:20 EET">
  <testcase classname="mytestcases" name="ChickTheDefaultCurrancyIsSAR" time="0.04"/>
  <testcase classname="mytestcases" name="checkTheEnglishLangugeIsDefault" time="0.026"/>
  <testcase classname="mytestcases" name="CheckContactNumbers" time="0.022"/>
  <testcase classname="mytestcases" name="CheckiQtafLogoTherInTheFoter" time="0.027"/>
</testsuite> <!-- Default test -->
