<?xml version="1.0" encoding="UTF-8"?>
<testng-results ignored="0" total="4" passed="4" failed="0" skipped="0">
  <reporter-output>
  </reporter-output>
  <suite started-at="2024-10-23T01:53:13 EET" name="Default suite" finished-at="2024-10-23T01:53:20 EET" duration-ms="7055">
    <groups>
    </groups>
    <test started-at="2024-10-23T01:53:13 EET" name="Default test" finished-at="2024-10-23T01:53:20 EET" duration-ms="7055">
      <class name="mytestcases">
        <test-method is-config="true" signature="mysetup()[pri:0, instance:mytestcases@4a194c39]" started-at="2024-10-23T01:53:13 EET" name="mysetup" finished-at="2024-10-23T01:53:20 EET" duration-ms="6913" status="PASS">
          <reporter-output>
          </reporter-output>
        </test-method> <!-- mysetup -->
        <test-method signature="ChickTheDefaultCurrancyIsSAR()[pri:0, instance:mytestcases@4a194c39]" started-at="2024-10-23T01:53:20 EET" name="ChickTheDefaultCurrancyIsSAR" finished-at="2024-10-23T01:53:20 EET" duration-ms="40" status="PASS">
          <reporter-output>
          </reporter-output>
        </test-method> <!-- ChickTheDefaultCurrancyIsSAR -->
        <test-method signature="checkTheEnglishLangugeIsDefault()[pri:1, instance:mytestcases@4a194c39]" started-at="2024-10-23T01:53:20 EET" name="checkTheEnglishLangugeIsDefault" finished-at="2024-10-23T01:53:20 EET" duration-ms="26" status="PASS">
          <reporter-output>
          </reporter-output>
        </test-method> <!-- checkTheEnglishLangugeIsDefault -->
        <test-method signature="CheckContactNumbers()[pri:3, instance:mytestcases@4a194c39]" started-at="2024-10-23T01:53:20 EET" name="CheckContactNumbers" finished-at="2024-10-23T01:53:20 EET" duration-ms="22" status="PASS">
          <reporter-output>
          </reporter-output>
        </test-method> <!-- CheckContactNumbers -->
        <test-method signature="CheckiQtafLogoTherInTheFoter()[pri:4, instance:mytestcases@4a194c39]" started-at="2024-10-23T01:53:20 EET" name="CheckiQtafLogoTherInTheFoter" finished-at="2024-10-23T01:53:20 EET" duration-ms="27" status="PASS">
          <reporter-output>
          </reporter-output>
        </test-method> <!-- CheckiQtafLogoTherInTheFoter -->
      </class> <!-- mytestcases -->
    </test> <!-- Default test -->
  </suite> <!-- Default suite -->
</testng-results>
